[2026-04-03 00:58:51] [LOGGER] [INFO] Log file initialized for GameArchaeology_Crawler_Expanded
[2026-04-03 00:58:51] [GameArchaeology_Crawler_Expanded] [INFO] GameArchaeology_Crawler_Expanded initialized (expanded sources).
[2026-04-03 00:58:51] [GameArchaeology_Crawler_Expanded] [INFO] ============================================================
[2026-04-03 00:58:51] [GameArchaeology_Crawler_Expanded] [INFO] STARTING EXPANDED GAME ARCHAEOLOGY CRAWL
[2026-04-03 00:58:51] [GameArchaeology_Crawler_Expanded] [INFO] ============================================================
[2026-04-03 00:58:51] [GameArchaeology_Crawler_Expanded] [INFO] Crawling demoscene.org for games...
[2026-04-03 00:58:52] [GameArchaeology_Crawler_Expanded] [WARNING]   Error crawling demoscene.org: HTTP Error 404: Not Found
[2026-04-03 00:58:52] [GameArchaeology_Crawler_Expanded] [INFO] Demoscene.org: found 0 games
[2026-04-03 00:58:52] [GameArchaeology_Crawler_Expanded] [INFO] Crawling pouet.net for games...
[2026-04-03 00:58:53] [GameArchaeology_Crawler_Expanded] [WARNING]   Error crawling pouet.net: HTTP Error 404: Not Found
[2026-04-03 00:58:53] [GameArchaeology_Crawler_Expanded] [INFO] Pouet.net: found 0 games
[2026-04-03 00:58:53] [GameArchaeology_Crawler_Expanded] [INFO] Crawling GitHub for archived game projects (expanded)...
[2026-04-03 00:58:54] [GameArchaeology_Crawler_Expanded] [DEBUG]   Found: pomelo (NetEase)
[2026-04-03 00:58:54] [GameArchaeology_Crawler_Expanded] [DEBUG]   Found: BrowserQuest (mozilla)
[2026-04-03 00:58:54] [GameArchaeology_Crawler_Expanded] [DEBUG]   Found: phaser-ce-examples (phaserjs)
[2026-04-03 00:58:54] [GameArchaeology_Crawler_Expanded] [DEBUG]   Found: clumsy-bird (ellisonleao)
[2026-04-03 00:58:55] [GameArchaeology_Crawler_Expanded] [DEBUG]   Found: CDDA-Game-Launcher (remyroy)
[2026-04-03 00:58:55] [GameArchaeology_Crawler_Expanded] [DEBUG]   Found: 2048-python (yangshun)
[2026-04-03 00:58:55] [GameArchaeology_Crawler_Expanded] [DEBUG]   Found: allianceauth (allianceauth)
[2026-04-03 00:58:55] [GameArchaeology_Crawler_Expanded] [DEBUG]   Found: Simple-Game-Server (Ganapati)
[2026-04-03 00:58:57] [GameArchaeology_Crawler_Expanded] [DEBUG]   Found: games (leereilly)
[2026-04-03 00:58:57] [GameArchaeology_Crawler_Expanded] [DEBUG]   Found: Whisky (Whisky-App)
[2026-04-03 00:58:57] [GameArchaeology_Crawler_Expanded] [DEBUG]   Found: pomelo (NetEase)
[2026-04-03 00:58:57] [GameArchaeology_Crawler_Expanded] [DEBUG]   Found: OpenDiablo2 (OpenDiablo2)
[2026-04-03 00:59:00] [GameArchaeology_Crawler_Expanded] [INFO] GitHub: found 12 games
[2026-04-03 00:59:00] [GameArchaeology_Crawler_Expanded] [INFO] Crawling itch.io for abandoned/old games (expanded)...
[2026-04-03 00:59:02] [GameArchaeology_Crawler_Expanded] [INFO] itch.io: found 8 games
[2026-04-03 00:59:02] [GameArchaeology_Crawler_Expanded] [INFO] Crawling Ludum Dare archives (expanded)...
[2026-04-03 00:59:03] [GameArchaeology_Crawler_Expanded] [DEBUG]   Error querying LD#20: IncompleteRead(1844 bytes read, 1 more expected)
[2026-04-03 00:59:03] [GameArchaeology_Crawler_Expanded] [DEBUG]   Error querying LD#22: IncompleteRead(1844 bytes read, 1 more expected)
[2026-04-03 00:59:03] [GameArchaeology_Crawler_Expanded] [DEBUG]   Error querying LD#24: IncompleteRead(1844 bytes read, 1 more expected)
[2026-04-03 00:59:03] [GameArchaeology_Crawler_Expanded] [DEBUG]   Error querying LD#26: Expecting value: line 1 column 1 (char 0)
[2026-04-03 00:59:04] [GameArchaeology_Crawler_Expanded] [DEBUG]   Error querying LD#28: IncompleteRead(1844 bytes read, 1 more expected)
[2026-04-03 00:59:04] [GameArchaeology_Crawler_Expanded] [DEBUG]   Error querying LD#30: IncompleteRead(1844 bytes read, 1 more expected)
[2026-04-03 00:59:04] [GameArchaeology_Crawler_Expanded] [DEBUG]   Error querying LD#32: IncompleteRead(1844 bytes read, 1 more expected)
[2026-04-03 00:59:04] [GameArchaeology_Crawler_Expanded] [INFO] Ludum Dare: found 0 games
[2026-04-03 00:59:04] [GameArchaeology_Crawler_Expanded] [INFO] Crawling Wayback Machine (parallel) for games...
[2026-04-03 00:59:05] [GameArchaeology_Crawler_Expanded] [DEBUG]   newgrounds.com: found 4 snapshots
[2026-04-03 00:59:06] [GameArchaeology_Crawler_Expanded] [DEBUG]   miniclip.com: found 4 snapshots
[2026-04-03 00:59:10] [GameArchaeology_Crawler_Expanded] [DEBUG]   mousebreaker.com: found 4 snapshots
[2026-04-03 00:59:11] [GameArchaeology_Crawler_Expanded] [DEBUG]   playtu.be: found 3 snapshots
[2026-04-03 00:59:13] [GameArchaeology_Crawler_Expanded] [DEBUG]   kongregate.com: found 4 snapshots
[2026-04-03 00:59:14] [GameArchaeology_Crawler_Expanded] [DEBUG]   Error querying y8.com: timed out
med out
[2026-04-03 00:59:14] [GameArchaeology_Crawler_Expanded] [DEBUG]   y8.com: found 0 snapshots
[2026-04-03 00:59:15] [GameArchaeology_Crawler_Expanded] [DEBUG]   armor-games.com: found 0 snapshots
[2026-04-03 00:59:21] [GameArchaeology_Crawler_Expanded] [DEBUG]   actionscript-gaming.com: found 0 snapshots
[2026-04-03 00:59:22] [GameArchaeology_Crawler_Expanded] [INFO] Wayback Machine: found 19 game snapshots (parallel)
[2026-04-03 00:59:22] [GameArchaeology_Crawler_Expanded] [INFO] ============================================================
[2026-04-03 00:59:22] [GameArchaeology_Crawler_Expanded] [INFO] CRAWL COMPLETE: 31 unique games found
[2026-04-03 00:59:22] [GameArchaeology_Crawler_Expanded] [INFO] Duration: 30.6s
[2026-04-03 00:59:22] [GameArchaeology_Crawler_Expanded] [INFO] Source breakdown:
[2026-04-03 00:59:22] [GameArchaeology_Crawler_Expanded] [INFO]   wayback_machine: 12 games
[2026-04-03 00:59:22] [GameArchaeology_Crawler_Expanded] [INFO]   github: 11 games
[2026-04-03 00:59:22] [GameArchaeology_Crawler_Expanded] [INFO]   itch_io: 8 games
[2026-04-03 00:59:22] [GameArchaeology_Crawler_Expanded] [INFO] ============================================================
