[2026-04-03 00:59:22] [LOGGER] [INFO] Log file initialized for GameArchaeology_Legal_001
[2026-04-03 00:59:22] [GameArchaeology_Legal_001] [INFO] GameArchaeology_Legal_001 initialized.
[2026-04-03 00:59:22] [GameArchaeology_Legal_001] [INFO] Assessing batch of 31 games...
[2026-04-03 00:59:22] [GameArchaeology_Legal_001] [DEBUG] Assessing: pomelo (2012-09-20)
[2026-04-03 00:59:22] [GameArchaeology_Legal_001] [INFO]   pomelo → RED (confidence: 0.85)
[2026-04-03 00:59:22] [GameArchaeology_Legal_001] [DEBUG] Assessing: BrowserQuest (2011-09-30)
[2026-04-03 00:59:22] [GameArchaeology_Legal_001] [INFO]   BrowserQuest → RED (confidence: 0.85)
[2026-04-03 00:59:22] [GameArchaeology_Legal_001] [DEBUG] Assessing: phaser-ce-examples (2014-03-11)
[2026-04-03 00:59:22] [GameArchaeology_Legal_001] [INFO]   phaser-ce-examples → RED (confidence: 0.85)
[2026-04-03 00:59:22] [GameArchaeology_Legal_001] [DEBUG] Assessing: clumsy-bird (2014-02-04)
[2026-04-03 00:59:22] [GameArchaeology_Legal_001] [INFO]   clumsy-bird → RED (confidence: 0.85)
[2026-04-03 00:59:22] [GameArchaeology_Legal_001] [DEBUG] Assessing: CDDA-Game-Launcher (2015-12-21)
[2026-04-03 00:59:22] [GameArchaeology_Legal_001] [INFO]   CDDA-Game-Launcher → RED (confidence: 0.85)
[2026-04-03 00:59:22] [GameArchaeology_Legal_001] [DEBUG] Assessing: 2048-python (2014-03-20)
[2026-04-03 00:59:22] [GameArchaeology_Legal_001] [INFO]   2048-python → RED (confidence: 0.85)
[2026-04-03 00:59:22] [GameArchaeology_Legal_001] [DEBUG] Assessing: allianceauth (2014-10-03)
[2026-04-03 00:59:22] [GameArchaeology_Legal_001] [INFO]   allianceauth → RED (confidence: 0.85)
[2026-04-03 00:59:22] [GameArchaeology_Legal_001] [DEBUG] Assessing: Simple-Game-Server (2014-12-22)
[2026-04-03 00:59:22] [GameArchaeology_Legal_001] [INFO]   Simple-Game-Server → RED (confidence: 0.85)
[2026-04-03 00:59:22] [GameArchaeology_Legal_001] [DEBUG] Assessing: games (2012-01-05)
[2026-04-03 00:59:22] [GameArchaeology_Legal_001] [INFO]   games → RED (confidence: 0.85)
[2026-04-03 00:59:22] [GameArchaeology_Legal_001] [DEBUG] Assessing: Whisky (2023-03-23)
[2026-04-03 00:59:22] [GameArchaeology_Legal_001] [INFO]   Whisky → RED (confidence: 0.85)
[2026-04-03 00:59:22] [GameArchaeology_Legal_001] [DEBUG] Assessing: OpenDiablo2 (2018-11-22)
[2026-04-03 00:59:22] [GameArchaeology_Legal_001] [INFO]   OpenDiablo2 → RED (confidence: 0.85)
[2026-04-03 00:59:22] [GameArchaeology_Legal_001] [DEBUG] Assessing: Old Old Game 0 (2010-01-01)
[2026-04-03 00:59:22] [GameArchaeology_Legal_001] [INFO]   Old Old Game 0 → RED (confidence: 0.85)
[2026-04-03 00:59:22] [GameArchaeology_Legal_001] [DEBUG] Assessing: Old Old Game 1 (2011-01-01)
[2026-04-03 00:59:22] [GameArchaeology_Legal_001] [INFO]   Old Old Game 1 → RED (confidence: 0.85)
[2026-04-03 00:59:22] [GameArchaeology_Legal_001] [DEBUG] Assessing: Old Retro Game 0 (2010-01-01)
[2026-04-03 00:59:22] [GameArchaeology_Legal_001] [INFO]   Old Retro Game 0 → RED (confidence: 0.85)
[2026-04-03 00:59:22] [GameArchaeology_Legal_001] [DEBUG] Assessing: Old Retro Game 1 (2011-01-01)
[2026-04-03 00:59:22] [GameArchaeology_Legal_001] [INFO]   Old Retro Game 1 → RED (confidence: 0.85)
[2026-04-03 00:59:22] [GameArchaeology_Legal_001] [DEBUG] Assessing: Old Abandoned Game 0 (2010-01-01)
[2026-04-03 00:59:22] [GameArchaeology_Legal_001] [INFO]   Old Abandoned Game 0 → RED (confidence: 0.85)
[2026-04-03 00:59:22] [GameArchaeology_Legal_001] [DEBUG] Assessing: Old Abandoned Game 1 (2011-01-01)
[2026-04-03 00:59:22] [GameArchaeology_Legal_001] [INFO]   Old Abandoned Game 1 → RED (confidence: 0.85)
[2026-04-03 00:59:22] [GameArchaeology_Legal_001] [DEBUG] Assessing: Old Archive Game 0 (2010-01-01)
[2026-04-03 00:59:22] [GameArchaeology_Legal_001] [INFO]   Old Archive Game 0 → RED (confidence: 0.85)
[2026-04-03 00:59:22] [GameArchaeology_Legal_001] [DEBUG] Assessing: Old Archive Game 1 (2011-01-01)
[2026-04-03 00:59:22] [GameArchaeology_Legal_001] [INFO]   Old Archive Game 1 → RED (confidence: 0.85)
[2026-04-03 00:59:22] [GameArchaeology_Legal_001] [DEBUG] Assessing: Game from http://www.newgrounds.com:80/ (2005) (2005-01-01)
[2026-04-03 00:59:22] [GameArchaeology_Legal_001] [INFO]   Game from http://www.newgrounds.com:80/ (2005) → GREEN (confidence: 0.88)
[2026-04-03 00:59:22] [GameArchaeology_Legal_001] [DEBUG] Assessing: Game from http://newgrounds.com:80/ (2005) (2005-01-01)
[2026-04-03 00:59:22] [GameArchaeology_Legal_001] [INFO]   Game from http://newgrounds.com:80/ (2005) → GREEN (confidence: 0.88)
[2026-04-03 00:59:22] [GameArchaeology_Legal_001] [DEBUG] Assessing: Game from http://miniclip.com:80/ (2005) (2005-01-01)
[2026-04-03 00:59:22] [GameArchaeology_Legal_001] [INFO]   Game from http://miniclip.com:80/ (2005) → GREEN (confidence: 0.88)
[2026-04-03 00:59:22] [GameArchaeology_Legal_001] [DEBUG] Assessing: Game from http://www.miniclip.com/ (2005) (2005-01-01)
[2026-04-03 00:59:22] [GameArchaeology_Legal_001] [INFO]   Game from http://www.miniclip.com/ (2005) → GREEN (confidence: 0.88)
[2026-04-03 00:59:22] [GameArchaeology_Legal_001] [DEBUG] Assessing: Game from http://www.miniclip.com:80/ (2005) (2005-01-01)
[2026-04-03 00:59:22] [GameArchaeology_Legal_001] [INFO]   Game from http://www.miniclip.com:80/ (2005) → GREEN (confidence: 0.88)
[2026-04-03 00:59:22] [GameArchaeology_Legal_001] [DEBUG] Assessing: Game from http://www.mousebreaker.com:80/ (2005) (2005-01-01)
[2026-04-03 00:59:22] [GameArchaeology_Legal_001] [INFO]   Game from http://www.mousebreaker.com:80/ (2005) → GREEN (confidence: 0.88)
[2026-04-03 00:59:22] [GameArchaeology_Legal_001] [DEBUG] Assessing: Game from http://playtu.be:80/ (2010) (2010-01-01)
[2026-04-03 00:59:22] [GameArchaeology_Legal_001] [INFO]   Game from http://playtu.be:80/ (2010) → GREEN (confidence: 0.88)
[2026-04-03 00:59:22] [GameArchaeology_Legal_001] [DEBUG] Assessing: Game from http://playtu.be:80/ (2015) (2015-01-01)
[2026-04-03 00:59:22] [GameArchaeology_Legal_001] [INFO]   Game from http://playtu.be:80/ (2015) → YELLOW (confidence: 0.68)
[2026-04-03 00:59:22] [GameArchaeology_Legal_001] [DEBUG] Assessing: Game from http://kongregate.com:80/ (2006) (2006-01-01)
[2026-04-03 00:59:22] [GameArchaeology_Legal_001] [INFO]   Game from http://kongregate.com:80/ (2006) → GREEN (confidence: 0.88)
[2026-04-03 00:59:22] [GameArchaeology_Legal_001] [DEBUG] Assessing: Game from http://www.kongregate.com:80/ (2006) (2006-01-01)
[2026-04-03 00:59:22] [GameArchaeology_Legal_001] [INFO]   Game from http://www.kongregate.com:80/ (2006) → GREEN (confidence: 0.88)
[2026-04-03 00:59:22] [GameArchaeology_Legal_001] [DEBUG] Assessing: Game from http://kongregate.com/ (2006) (2006-01-01)
[2026-04-03 00:59:22] [GameArchaeology_Legal_001] [INFO]   Game from http://kongregate.com/ (2006) → GREEN (confidence: 0.88)
[2026-04-03 00:59:22] [GameArchaeology_Legal_001] [DEBUG] Assessing: Game from http://www.kongregate.com/ (2006) (2006-01-01)
[2026-04-03 00:59:22] [GameArchaeology_Legal_001] [INFO]   Game from http://www.kongregate.com/ (2006) → GREEN (confidence: 0.88)
[2026-04-03 00:59:22] [GameArchaeology_Legal_001] [INFO] Batch assessment complete: 31 games reviewed
