Re-analyzing 79 entries with Wayback cleanup...

[1/79] 20000510 (coasttocoastam.com) — 1922 chars
Here’s a breakdown of the factual claims, guest names, show topics, predicted events, and dates extracted from the text:

*   **Show Topic:** “Coast to Coast AM”
*   **Time:** 10 PM - 2 AM Pacific
*   **Date:** May 10, 2000 (Wed)
*   **Guest:** Dr. S

[2/79] 20000621 (coasttocoastam.com) — 1917 chars
Here’s a breakdown of the factual claims, guest names, show topics, predicted events, dates, and technical details extracted from the text:

*   **Dates:**
    *   June 21, 2000 (Time Coordinates 01:07:00 PDT)
    *   June 20, 2000
    *   June 19, 2

[3/79] 20001019 (coasttocoastam.com) — 1824 chars
Here’s a bulleted list of the factual claims and details extracted from the text:

*   **Show Time:** 10 PM - 2 AM Pacific
*   **Host:** Mike Siegel
*   **Guest:** Rabbi James Mirel
*   **Topic:** Kabbalah and Jewish mysticism
*   **Date of 10/18/00 

[4/79] 20020921 (coasttocoastam.com) — 1884 chars
Here’s a breakdown of the factual claims and details extracted from the text:

*   **Show Topics:**
    *   Coast to Coast AM (Flash Animation)
    *   After Dark
    *   Abby-Normal News
    *   SETI at home
*   **Guest Names:**
    *   Art Bell
   

[5/79] 20030422 (coasttocoastam.com) — 1907 chars
Here’s a breakdown of the factual claims, guest names, show topics, predicted events, dates, and technical details extracted from the text:

*   **Show Clips:** Short audio clips from M-F Coast to Coast AM shows are available to Streamlink subscriber

[6/79] 20031213 (coasttocoastam.com) — 1908 chars
Here's a breakdown of the factual claims, guest names, show topics, predicted events, and dates extracted from the text:

*   **Classic Shows Return:** Rotating weekly.
*   **Shows Offered:** Two shows from the 90-day archive.
*   **Date of Live Chat

[7/79] 20040518 (coasttocoastam.com) — 1916 chars
Here's a breakdown of the factual claims, guest names, show topics, predicted events, dates, and technical details extracted from the text, presented as bullet points:

*   **Streamlink Members:** Now have the ability to download mp3s of the last 30 

[8/79] 20040613 (coasttocoastam.com) — 1916 chars
Here’s a breakdown of the factual claims and details extracted from the text:

*   **Streamlink Members Benefit:** Streamlink members can now download mp3s of the last 30 days of programs.
*   **Classic Shows:** Rotating older programs are available 

[9/79] 20040622 (coasttocoastam.com) — 1916 chars
Here’s a breakdown of the factual claims and details extracted from the text:

*   **Streamlink Feature:** Streamlink members can now download mp3s of the last 30 days of programs.
*   **Classic Shows Rotation:** Classic Shows rotate on a weekly basi

[10/79] 20040627 (coasttocoastam.com) — 1916 chars
Here's a breakdown of the factual claims, guest names, show topics, predicted events, dates, and technical details extracted from the text:

*   **Streamlink Members:** Now have the ability to download mp3s of the last 30 days of programs.
*   **Rota

[11/79] 20040703 (coasttocoastam.com) — 1915 chars
Here’s a breakdown of the factual claims, guest names, show topics, predicted events, dates, and technical details extracted from the text:

*   **Streamlink Members Benefit:** Streamlink members can now download mp3s of the last 30 days of programs.

[12/79] 20040712 (coasttocoastam.com) — 1916 chars
Here’s a breakdown of the factual claims and details extracted from the text:

*   **Streamlink Members:** Can now download mp3s of the last 30 days of programs.
*   **Classic Shows:** Rotating weekly offerings are available on the Classic Shows page

[13/79] 20040718 (coasttocoastam.com) — 1917 chars
Here’s a breakdown of the factual claims, guest names, show topics, predicted events, dates, and technical details extracted from the text:

*   **Streamlink Members Benefit:** Streamlink members can now download mp3s of the last 30 days of programs.

[14/79] 20040726 (coasttocoastam.com) — 1915 chars
Here’s a breakdown of the factual claims and details extracted from the text:

*   **Streamlink members** can now download mp3s of the last 30 days of programs.
*   **Rotating older programs:** Offered weekly.
*   **Greg W.** captured a photo of a gh

[15/79] 20040811 (coasttocoastam.com) — 1908 chars
Here’s a breakdown of the factual claims and details extracted from the text:

*   **Streamlink Members Benefit:** Streamlink members can now download mp3s of the last 30 days of programs.
*   **Rotating Shows:** Favorite older programs rotate on a w

[16/79] 20040822 (coasttocoastam.com) — 1908 chars
Here’s a breakdown of the factual claims, guest names, show topics, predicted events, dates, and technical details extracted from the text:

*   **Streamlink members** can now download mp3s of the last 30 days of programs.
*   **Classic Shows** are r

[17/79] 20040831 (coasttocoastam.com) — 1907 chars
Here’s a breakdown of the factual claims, guest names, show topics, predicted events, dates, and technical details extracted from the text:

*   **Streamlink members** can now download mp3s of the last 30 days of programs.
*   **Classic Shows** are r

[18/79] 20040910 (coasttocoastam.com) — 1908 chars
Here’s a breakdown of the factual claims and information extracted from the text:

*   **Streamlink Members:** Now have the ability to download mp3s of the last 30 days of programs.
*   **Classic Shows:** Rotating weekly offerings are available on th

[19/79] 20040919 (coasttocoastam.com) — 1907 chars
Here's a breakdown of the factual claims and details extracted from the text:

*   **Streamlink members** can now download mp3s of the last 30 days of programs.
*   **Classic Shows** are rotating on a weekly basis.
*   **Jon** sent a photo of a UFO t

[20/79] 20040927 (coasttocoastam.com) — 1908 chars
Here’s a breakdown of the factual claims, guest names, show topics, predicted events, dates, and technical details extracted from the text:

*   **Streamlink Members Benefit:** Streamlink members can now download mp3s of the last 30 days of programs.

[21/79] 20000510 (www.coasttocoastam.com) — 1922 chars
Here's a breakdown of the factual claims extracted from the text, organized into bullet points:

*   **Show Time:** 10 PM - 2 AM Pacific
*   **Host:** Mike Siegel
*   **Guest:** Dr. Steven Greer
*   **Dr. Greer’s Title:** Founder and International Di

[22/79] 20000621 (www.coasttocoastam.com) — 1919 chars
Here’s a breakdown of the factual claims and details extracted from the text:

*   **Show Title:** Coast to Coast AM
*   **Time:** 10 PM - 2 AM Pacific
*   **Date:** June 20, 2000 (Tue/Wed)
*   **Guests:**
    *   Whitley Strieber
    *   Don Berline

[23/79] 20001019 (www.coasttocoastam.com) — 1823 chars
Here’s a breakdown of the factual claims extracted from the text:

*   **Show Time:** 10 PM - 2 AM Pacific
*   **Date of Program:** 10/18/00 (Wednesday/Thursday)
*   **Guest:** Rabbi James Mirel
*   **Topic:** Kabbalah and Jewish mysticism
*   **Date

[24/79] 20020921 (www.coasttocoastam.com) — 1884 chars
Here’s a breakdown of the factual claims, guest names, and show topics extracted from the text:

*   **Show Time:** 10PM-2AM Pacific
*   **Guest Names:**
    *   Henry 2K
    *   Art Bell
*   **Show Topics/Events:**
    *   “More Ghost Photos” (9/19)

[25/79] 20030422 (www.coasttocoastam.com) — 1907 chars
Here’s a breakdown of the factual claims, guest names, show topics, predicted events, dates, and technical details extracted from the text:

*   **Show Clips:** Short audio clips extracted from Coast to Coast AM shows (M-F).
*   **Guest Names:**
    

[26/79] 20031213 (www.coasttocoastam.com) — 1906 chars
Here’s a breakdown of the factual claims, guest names, show topics, predicted events, dates, and technical details from the text:

*   **Classic Shows Return:** Rotating weekly.
*   **Show Topics:**
    *   Stonehenge UFO Storm Chaser UFOs
    *   Ap

[27/79] 20040518 (www.coasttocoastam.com) — 1916 chars
Here’s a breakdown of the factual claims and details extracted from the text:

*   **Streamlink Members Benefit:** Streamlink members can now download mp3s of the last 30 days of programs.
*   **Classic Shows Rotation:** Favorite older programs rotat

[28/79] 20040613 (www.coasttocoastam.com) — 1916 chars
Here’s a breakdown of the factual claims, guest names, show topics, predicted events, dates, and technical details extracted from the text:

*   **Streamlink Members:** Can download mp3s of the last 30 days of programs.
*   **Classic Shows:** Rotatin

[29/79] 20040622 (www.coasttocoastam.com) — 1916 chars
Here’s a breakdown of the factual claims, guest names, show topics, predicted events, dates, and technical details extracted from the text:

*   **Streamlink Members Can Download MP3s:** Streamlink members now have the ability to download mp3s of the

[30/79] 20040627 (www.coasttocoastam.com) — 1916 chars
Here’s a breakdown of the factual claims, guest names, show topics, predicted events, and dates extracted from the text:

*   **Streamlink members** can now download mp3s of the last 30 days of programs.
*   **Rotating older programs** occur weekly.


[31/79] 20040703 (www.coasttocoastam.com) — 1916 chars
Here’s a breakdown of the factual claims, guest names, show topics, predicted events, dates, and technical details extracted from the text:

*   **Streamlink Members:** Now have the ability to download mp3s of the last 30 days of programs.
*   **Clas

[32/79] 20040712 (www.coasttocoastam.com) — 1916 chars
Here’s a breakdown of the factual claims, guest names, show topics, predicted events, and dates extracted from the text:

*   **Streamlink members** can now download mp3s of the last 30 days of programs.
*   **Rotating older programs:** Offered weekl

[33/79] 20040718 (www.coasttocoastam.com) — 1916 chars
Here's a breakdown of the factual claims, guest names, show topics, predicted events, and dates extracted from the text:

*   **Streamlink Members:** Now have the ability to download mp3s of the last 30 days of programs.
*   **Classic Shows:** Rotati

[34/79] 20040726 (www.coasttocoastam.com) — 1915 chars
Here’s a breakdown of the factual claims and details extracted from the text:

*   **Streamlink members** can now download mp3s of the last 30 days of programs.
*   **Classic Shows** are rotating on a weekly basis.
*   **Greg W.** captured a photo of

[35/79] 20040811 (www.coasttocoastam.com) — 1908 chars
Here’s a breakdown of the factual claims extracted from the text:

*   **Streamlink members** can now download mp3s of the last 30 days of programs.
*   **Rotating older programs:** Available weekly.
*   **Lionel Fanthorpe** will be discussing Templa

[36/79] 20040822 (www.coasttocoastam.com) — 1908 chars
Here's a breakdown of the factual claims, guest names, show topics, predicted events, dates, and technical details extracted from the text:

*   **Streamlink Members:** Can now download mp3s of the last 30 days of programs.
*   **Classic Shows:** Rot

[37/79] 20040831 (www.coasttocoastam.com) — 1907 chars
Here’s a breakdown of the factual claims and details extracted from the text:

*   **Streamlink Members Benefit:** Streamlink members can now download mp3s of the last 30 days of programs.
*   **Classic Shows Offerings:**
    *   Art’s interview with

[38/79] 20040910 (www.coasttocoastam.com) — 1908 chars
Here’s a breakdown of the factual claims and details extracted from the text:

*   **Streamlink Members Benefit:** Streamlink members can now download mp3s of the last 30 days of programs.
*   **Rotating Shows:** Favorite older programs rotate on a w

[39/79] 20040919 (www.coasttocoastam.com) — 1907 chars
Here’s a breakdown of the factual claims and details extracted from the text:

*   **Streamlink Members:** Now have the ability to download mp3s of the last 30 days of programs.
*   **Classic Shows:** Rotating on a weekly basis.
*   **Jon:** Sent a p

[40/79] 20040927 (www.coasttocoastam.com) — 1908 chars
Here’s a breakdown of the factual claims, guest names, show topics, predicted events, dates, and technical details extracted from the text:

*   **Streamlink Members Benefit:** Streamlink members now have the ability to download mp3s of the last 30 d

[41/79] 19980114 (artbell.com) — 1905 chars
Here's a breakdown of the factual claims, guest names, show topics, predicted events, and dates extracted from the text:

*   **Visitors:** 9081608 since 1/1/97
*   **Sponsor:** Art Bell Daily Stops
*   **Show Time:** 10 PM - 3 AM PST (Weeknights)
* 

[42/79] 19990420 (artbell.com) — 1901 chars
Here’s a breakdown of the factual claims, guest names, show topics, predicted events, and dates extracted from the text:

*   **Show Topics:**
    *   “Coast to Coast” (Weeknights 10 PM - 3 AM PST)
    *   “Dreamland” (Sunday Evenings 6 PM - 9 PM PST

[43/79] 19990508 (artbell.com) — 1901 chars
Here's a breakdown of the factual claims, guest names, show topics, predicted events, dates, and technical details extracted from the text:

*   **Show Times:**
    *   “Coast to Coast” Weeknights: 10 PM - 3 AM Pacific
    *   “Dreamland” Sunday Even

[44/79] 20000226 (artbell.com) — 1895 chars
Here’s a breakdown of the factual claims, guest names, show topics, predicted events, dates, and technical details extracted from the text:

*   **Show Title:** “Coast to Coast” Nightly
*   **Time Slots:**
    *   10 PM - 3 AM Pacific (Nightly)
    *

[45/79] 20000304 (artbell.com) — 1900 chars
Here’s a breakdown of the factual claims and details extracted from the text:

*   **Show Title:** "Coast to Coast"
*   **Show Time:** Nightly 10 PM - 3 AM Pacific
*   **Guest Names:**
    *   Peter Gersten (of CAUS)
    *   Rollye James
    *   Lea 

[46/79] 20000511 (artbell.com) — 1894 chars
Here’s a breakdown of the factual claims and details extracted from the text, formatted as bullet points:

*   **Show Title:** Coast to Coast AM
*   **Time:** 10 PM - 2 AM Pacific
*   **Host:** Mike Siegel
*   **Guest:** Dr. Steven Greer
*   **Dr. Gr

[47] ERROR: timed out
[48/79] 20001017 (artbell.com) — 1799 chars
Here’s a breakdown of the factual claims, guest names, show topics, predicted events, dates, and technical details extracted from the text:

*   **Show Time:** 10 PM - 2 AM Pacific
*   **Date of Program:** 10/17/00 (Tuesday/Wednesday)
*   **Guest:** 

[49/79] 20010126 (artbell.com) — 1799 chars
Here’s a breakdown of the factual claims and details extracted from the text:

*   **Show Time:** 10 PM - 2 AM Pacific
*   **Date of Broadcast (Tonight's Program):** 01/26/01 (Friday/Saturday)
*   **Guest:** TBA
*   **Event:** "Fast Blast" – a call-i

[50/79] 20010629 (artbell.com) — 1893 chars
Here’s a breakdown of the factual claims and details extracted from the text:

*   **Encounters:** 74,661,831
*   **Show Time:** Nightly 10PM-3AM Pacific
*   **Guest List:** (Alphabetical list of guest names is present, but not fully listed)
*   **Da

[51/79] 20011004 (artbell.com) — 1870 chars
Here’s a breakdown of the factual claims, guest names, show topics, predicted events, dates, and technical details extracted from the text:

*   **Encounters:** 84,246,859
*   **Show Time:** 10PM-3AM Pacific
*   **Website:** ArtBell.com
*   **Host:**

[52/79] 20011011 (artbell.com) — 1868 chars
Here’s a breakdown of the factual claims, guest names, show topics, predicted events, dates, and technical details extracted from the text:

*   **Show Time:** 10 PM – 3 AM Pacific
*   **Website:** artbell.com
*   **Website Creator:** Keith Rowland
*

[53/79] 20011015 (artbell.com) — 1870 chars
Here's a breakdown of the factual claims and details extracted from the text, formatted as bullet points:

*   **Encounters:** 85,477,980
*   **Website Owner:** Keith Rowland
*   **Show Time:** 10PM-3AM Pacific
*   **Date Range:** October 2006 - Sept

[54/79] 20011018 (artbell.com) — 1870 chars
Here’s a breakdown of the factual claims and details extracted from the text:

*   **Show Topics:**
    *   What is Jihad?
    *   Streaming Changes
    *   Strange UFO in State of Washington
    *   A Monument to Art Bell
    *   Art’s Latest Constr

[55/79] 20011021 (artbell.com) — 1869 chars
Here's a breakdown of the factual claims, guest names, show topics, predicted events, dates, and technical details extracted from the text:

*   **Website Name:** Artbell.com
*   **Technical Details:**
    *   Font: Arial, Helvetica, Geneva, Swiss
  

[56/79] 20011024 (artbell.com) — 1869 chars
Here’s a breakdown of the factual claims, guest names, show topics, predicted events, dates, and technical details extracted from the text:

*   **Encounters:** 86,487,308
*   **Show Time:** 10PM-3AM Pacific
*   **Guest Names:**
    *   Ralph Sarchie

[57/79] 20011027 (artbell.com) — 1870 chars
Here’s a breakdown of the factual claims and details extracted from the text:

*   **Encounters:** 86,844,238
*   **Website:** By Keith Rowland
*   **Time Slot:** Nightly 10PM-3AM Pacific
*   **Submission Instructions:** Instructions for submitting m

[58/79] 20011102 (artbell.com) — 1870 chars
Here’s a breakdown of the factual claims and details extracted from the text:

*   **Website:** Hide Your Surfing Habits
*   **Author:** Keith Rowland
*   **Show Time:** Nightly 10PM-3AM Pacific
*   **Guest Names:** Crystal Gayle, Art
*   **Dates:**


[59/79] 20011103 (artbell.com) — 1870 chars
Here's a breakdown of the factual claims and details extracted from the text, formatted as bullet points:

*   **Encounters:** 87,529,395
*   **Show Time:** Nightly 10PM-3AM Pacific
*   **Guests:**
    *   Crystal Gayle
    *   Art Bell (Host)
*   **

[60/79] 19980114 (www.artbell.com) — 1905 chars
Here’s a breakdown of the factual claims and details extracted from the text:

*   **Visitors:** 9081608 since 1/1/97
*   **Show Name:** Coast to Coast AM
*   **Time Slots:** Weeknights 10 PM - 3 AM PST, Sunday Evening 6 PM - 9 PM PST
*   **Guests (D

[61/79] 19990420 (www.artbell.com) — 1901 chars
Here’s a breakdown of the factual claims and details extracted from the text:

*   **Show Times:**
    *   “Coast to Coast” Weeknights: 10 PM - 3 AM PST
    *   “Dreamland” Sunday Evenings: 6 PM - 9 PM PST
*   **Guest Names:**
    *   Hilly Rose (Gue

[62/79] 19990508 (www.artbell.com) — 1901 chars
Here’s a breakdown of the factual claims, guest names, and show details extracted from the text:

*   **Show Times:**
    *   “Coast to Coast” Weeknights: 10 PM - 3 AM Pacific
    *   “Dreamland” Sunday Evenings: 6 PM - 9 PM Pacific
*   **Guest Names

[63/79] 20000226 (www.artbell.com) — 1895 chars
Here’s a breakdown of the factual claims and details extracted from the text:

*   **Show Title:** "Coast to Coast" Nightly
*   **Time Slots:**
    *   10 PM - 3 AM Pacific (Nightly)
    *   7-10 PM & 3-6 AM Pacific (Refeed - Saturday)
    *   6 PM -

[64/79] 20000304 (www.artbell.com) — 1901 chars
Here's a breakdown of the factual claims, guest names, show topics, predicted events, dates, and technical details extracted from the text:

*   **Show Title:** “Coast to Coast” Nightly
*   **Time Slots:** 10 PM - 3 AM Pacific (Nightly), 6 PM - 9 PM 

[65/79] 20000511 (www.artbell.com) — 1895 chars
Here’s a breakdown of the factual claims and information extracted from the text, formatted as bullet points:

*   **Show Time:** 10:00 PM - 2:00 AM Pacific
*   **Date of Broadcast:** May 10, 2000 (Wed)
*   **Website:** www.CoastToCoastAM.com
*   **G

[66] ERROR: timed out
[67/79] 20001017 (www.artbell.com) — 1799 chars
Here’s a breakdown of the factual claims, guest names, show topics, predicted events, dates, and technical details extracted from the text:

*   **Show Time:** 10 PM - 2 AM Pacific
*   **Date of Broadcast:** 10/17/00 (Tuesday/Wednesday)
*   **Guest:*

[68/79] 20010126 (www.artbell.com) — 1799 chars
Here’s a list of the factual claims, guest names, show topics, predicted events, and dates extracted from the text:

*   **Show Time:** 10 PM - 2 AM Pacific
*   **Date:** 01/26/01 (Friday/Saturday) - Tonight’s Program
*   **Guest:** TBA
*   **Event:*

[69/79] 20010629 (www.artbell.com) — 1893 chars
Here's a breakdown of the factual claims, guest names, show topics, predicted events, dates, and technical details extracted from the text:

*   **Encounters:** 74,661,831
*   **Show Time:** Nightly 10PM-3AM Pacific
*   **Guest List:** (Alphabetical)

[70/79] 20011004 (www.artbell.com) — 1870 chars
Here's a breakdown of the factual claims extracted from the text, formatted as bullet points:

*   **Encounters:** 84,246,859
*   **Show Time:** 10PM-3AM Pacific
*   **Host:** Art Bell
*   **Guest Names:** Keith Rowland
*   **Date:** 10/01
*   **Date

[71/79] 20011011 (www.artbell.com) — 1871 chars
Here’s a breakdown of the factual claims and details extracted from the text:

*   **Show Time:** 10PM-3AM Pacific
*   **Guest Names:**
    *   Ralph Sarchie
    *   Art Bell (recurring)
*   **Show Topics:**
    *   A Monument to Art Bell
    *   Art

[72/79] 20011015 (www.artbell.com) — 1870 chars
Here's a breakdown of the factual claims and details extracted from the text:

*   **Encounters:** 85,477,980
*   **Show Time:** 10PM-3AM Pacific
*   **Website:** Website By Keith Rowland
*   **Guest Names:**
    *   Ralph Sarchie
*   **Topics Discus

[73/79] 20011018 (www.artbell.com) — 1870 chars
Here’s a breakdown of the factual claims and details extracted from the text:

*   **Show Topics:**
    *   What is Jihad?
    *   Streaming Changes
    *   Strange UFO in State of Washington
    *   A Monument to Art Bell
    *   Art’s Latest Constr

[74/79] 20011021 (www.artbell.com) — 1869 chars
Here’s a breakdown of the factual claims, guest names, show topics, predicted events, dates, and technical details extracted from the text:

*   **Website Owner:** Keith Rowland
*   **Show Time:** 10PM-3AM Pacific
*   **Dates & Events:**
    *   10/1

[75/79] 20011024 (www.artbell.com) — 1869 chars
Here's a breakdown of the factual claims and details extracted from the text, presented as bullet points:

*   **Encounters:** 86,487,308
*   **Website:** Website by Keith Rowland
*   **Show Time:** 10PM-3AM Pacific
*   **Guest Names:**
    *   Ralph

[76/79] 20011027 (www.artbell.com) — 1870 chars
Here’s a breakdown of the factual claims, guest names, show topics, predicted events, dates, and technical details extracted from the text:

*   **Website Name:** Art
*   **Stop Those Computer Spies?** (Show Topic)
*   **Guest Names:**
    *   Ralph 

[77/79] 20011030 (www.artbell.com) — 1870 chars
Here’s a breakdown of the factual claims, guest names, show topics, predicted events, dates, and technical details extracted from the text:

*   **Show Topic:** Paranormal investigations, UFOs, terrorism, and related news.
*   **Guest Names:**
    * 

[78/79] 20011102 (www.artbell.com) — 1870 chars
Here's a breakdown of the factual claims and details extracted from the text:

*   **Website Name:** Hide Your Surfing Habits Website
*   **Show Time:** 10 PM - 3 AM Pacific
*   **Guest Names:**
    *   Crystal Gayle
    *   Art Bell
*   **Dates:**
 

[79/79] 20011103 (www.artbell.com) — 1870 chars
Here’s a breakdown of the factual claims, guest names, show topics, predicted events, dates, and technical details extracted from the text:

*   **Encounters:** 87,529,395
*   **Show Time:** Nightly 10PM-3AM Pacific
*   **Guests:**
    *   Crystal Ga

v2 analysis complete — 79 entries -> cdx-c2c-analysis-v2.json
