HN recency signals: 2 services mentioned
Written: ai-services-rankings.json
Categories: chat, image_gen, video_gen, code, embedding, voice, search
  chat: 8 services
  image_gen: 6 services
  video_gen: 6 services
  code: 5 services
  embedding: 4 services
  voice: 4 services
  search: 4 services
Done.
HN recency signals: 2 services mentioned
Written: ai-services-rankings.json
Categories: chat, image_gen, video_gen, code, embedding, voice, search
  chat: 8 services
  image_gen: 6 services
  video_gen: 6 services
  code: 5 services
  embedding: 4 services
  voice: 4 services
  search: 4 services
Done.
HN recency signals: 2 services mentioned
Written: ai-services-rankings.json
Categories: chat, image_gen, video_gen, code, embedding, voice, search
  chat: 8 services
  image_gen: 6 services
  video_gen: 6 services
  code: 5 services
  embedding: 4 services
  voice: 4 services
  search: 4 services
Done.
HN recency signals: 2 services mentioned
Written: ai-services-rankings.json
Categories: chat, image_gen, video_gen, code, embedding, voice, search
  chat: 8 services
  image_gen: 6 services
  video_gen: 6 services
  code: 5 services
  embedding: 4 services
  voice: 4 services
  search: 4 services
Done.
Built from model-registry.json: 53 total models
HN recency signals: 3 services mentioned
Written: ai-services-rankings.json
Categories: chat, image_gen, video_gen, code, embedding, voice, search
  chat: 29 services
  image_gen: 7 services
  video_gen: 4 services
  code: 5 services
  embedding: 2 services
  voice: 1 services
  search: 5 services
Done.
Built from model-registry.json: 53 total models
HN recency signals: 2 services mentioned
Written: ai-services-rankings.json
Categories: chat, image_gen, video_gen, code, embedding, voice, search
  chat: 29 services
  image_gen: 7 services
  video_gen: 4 services
  code: 5 services
  embedding: 2 services
  voice: 1 services
  search: 5 services
Done.
Built from model-registry.json: 53 total models
HN recency signals: 2 services mentioned
Written: ai-services-rankings.json
Categories: chat, image_gen, video_gen, code, embedding, voice, search
  chat: 29 services
  image_gen: 7 services
  video_gen: 4 services
  code: 5 services
  embedding: 2 services
  voice: 1 services
  search: 5 services
Done.
Built from model-registry.json: 0 total models
HN recency signals: 0 services mentioned
Written: ai-services-rankings.json
Categories: chat, image_gen, video_gen, code, embedding, voice, search
  chat: 0 services
  image_gen: 0 services
  video_gen: 0 services
  code: 0 services
  embedding: 0 services
  voice: 0 services
  search: 0 services
Done.
Built from model-registry.json: 0 total models
HN recency signals: 0 services mentioned
Written: ai-services-rankings.json
Categories: chat, image_gen, video_gen, code, embedding, voice, search
  chat: 0 services
  image_gen: 0 services
  video_gen: 0 services
  code: 0 services
  embedding: 0 services
  voice: 0 services
  search: 0 services
Done.
Built from model-registry.json:
  Chat models: 5
  Code models: 0
  Local models: 3
  Engines: 4
  Task routes: 24
HN recency signals: 1 services mentioned

Written: ai-services-rankings.json
Categories: image_gen, video_gen, search, voice, embedding
  image_gen: 6 services
  video_gen: 6 services
  search: 5 services
  voice: 4 services
  embedding: 4 services
Heartbeat written
Done.
