[Thu 03/19/2026 23:00:00.67] Nightly commit starting 
The individual project changelogs were already up to date (committed in a prior run today). Let me print the final report.

---

```
GIT COMMIT AGENT — REPORT
==========================
✓ _studio    "chore: update SRE and supervisor reports — 2026-03-19"
✓ _studio    "chore: update master changelog — 9 projects 2026-03-19"
- all other projects: CLEAN — no changes

2 commits made | _studio pushed to GitHub ✓

CHANGELOG AGENT — REPORT
==========================
9 projects with state.json changes detected:
  acuscan-ar, arbitrage-pulse, CTW, hibid-analyzer, job-match,
  listing-optimizer, nutrimind, squeeze-empire, whatnot-apps

✓ MASTER-CHANGELOG.md updated and committed
✓ Individual CHANGELOG.md files — already current from prior run today
```

**SRE Reminder:** 2 mobile answers pending — hit Refresh in studio to import.
[Fri 03/20/2026 23:00:01.97] Nightly commit starting 
You've hit your limit · resets Mar 24, 5pm (America/Chicago)
[Sat 03/21/2026 23:00:01.74] Nightly commit starting 
You've hit your limit · resets Mar 24, 5pm (America/Chicago)
[Sun 03/22/2026 23:00:01.73] Nightly commit starting 
You've hit your limit · resets Mar 24, 5pm (America/Chicago)
[Mon 03/23/2026 23:00:01.71] Nightly commit starting 
You've hit your limit · resets 5pm (America/Chicago)
[Tue 03/24/2026 23:00:01.47] Nightly commit starting 
