[Wed 04/01/2026  1:57:48.68] CheckDrift starting 
    acuscan-ar: 2026-03-25 (7d) — LOW
    arbitrage-pulse: 2026-03-25 (7d) — LOW
    CTW: 2026-03-25 (7d) — LOW
    hibid-analyzer: 2026-03-25 (7d) — LOW
    job-match: 2026-03-30 (2d) — LOW
    listing-optimizer: 2026-03-25 (7d) — LOW
    nutrimind: 2026-03-25 (7d) — LOW
    sentinel-core: 2026-04-01 (0d) — LOW
    sentinel-performer: 2026-04-01 (0d) — LOW
    sentinel-viewer: 2026-04-01 (0d) — LOW
    squeeze-empire: 2026-03-25 (7d) — LOW
    whatnot-apps: 2026-03-25 (7d) — LOW

All projects within drift threshold. No inbox alert.

Drift check complete. 0/12 projects drift_risk HIGH.
[Wed 04/01/2026  1:57:51.15] Done 
[Wed 04/01/2026  6:00:01.53] CheckDrift starting 
    acuscan-ar: 2026-03-25 (7d) — LOW
    arbitrage-pulse: 2026-03-25 (7d) — LOW
    CTW: 2026-03-25 (7d) — LOW
    hibid-analyzer: 2026-03-25 (7d) — LOW
    job-match: 2026-03-30 (2d) — LOW
    listing-optimizer: 2026-03-25 (7d) — LOW
    nutrimind: 2026-03-25 (7d) — LOW
    sentinel-core: 2026-04-01 (0d) — LOW
    sentinel-performer: 2026-04-01 (0d) — LOW
    sentinel-viewer: 2026-04-01 (0d) — LOW
    squeeze-empire: 2026-03-25 (7d) — LOW
    whatnot-apps: 2026-03-25 (7d) — LOW

All projects within drift threshold. No inbox alert.

Drift check complete. 0/12 projects drift_risk HIGH.
[Wed 04/01/2026  6:00:04.41] Done 
[Wed 04/01/2026  8:59:20.68] CheckDrift starting 
    acuscan-ar: 2026-03-25 (7d) — LOW
    arbitrage-pulse: 2026-03-25 (7d) — LOW
    CTW: 2026-03-25 (7d) — LOW
    hibid-analyzer: 2026-03-25 (7d) — LOW
    job-match: 2026-03-30 (2d) — LOW
    listing-optimizer: 2026-03-25 (7d) — LOW
    nutrimind: 2026-03-25 (7d) — LOW
    sentinel-core: 2026-04-01 (0d) — LOW
    sentinel-performer: 2026-04-01 (0d) — LOW
    sentinel-viewer: 2026-04-01 (0d) — LOW
    squeeze-empire: 2026-03-25 (7d) — LOW
    whatnot-apps: 2026-03-25 (7d) — LOW

All projects within drift threshold. No inbox alert.

Drift check complete. 0/12 projects drift_risk HIGH.
[Wed 04/01/2026  8:59:25.67] Done 
