[2026-04-01 05:30:02] Agency character batch build starting
[2026-04-01 05:30:02] Passing specs loaded: 283
[2026-04-01 05:30:02] Already built: 283 characters (will skip)
[2026-04-01 05:30:02] To build this run: 0 new characters
[2026-04-01 05:30:02] Nothing new to build -- all passing specs already have character folders
[2026-04-01 08:59:22] Agency character batch build starting
[2026-04-01 08:59:22] Passing specs loaded: 283
[2026-04-01 08:59:22] Already built: 283 characters (will skip)
[2026-04-01 08:59:22] To build this run: 0 new characters
[2026-04-01 08:59:22] Nothing new to build -- all passing specs already have character folders
[2026-04-01 09:00:35] Agency character batch build starting
[2026-04-01 09:00:36] Passing specs loaded: 283
[2026-04-01 09:00:36] Already built: 283 characters (will skip)
[2026-04-01 09:00:36] To build this run: 0 new characters
[2026-04-01 09:00:36] Nothing new to build -- all passing specs already have character folders
[2026-04-02 05:30:02] Agency character batch build starting
[2026-04-02 05:30:02] Passing specs loaded: 283
[2026-04-02 05:30:02] Already built: 283 characters (will skip)
[2026-04-02 05:30:02] To build this run: 0 new characters
[2026-04-02 05:30:02] Nothing new to build -- all passing specs already have character folders
[2026-04-03 05:30:02] Agency character batch build starting
[2026-04-03 05:30:02] Passing specs loaded: 283
[2026-04-03 05:30:02] Already built: 283 characters (will skip)
[2026-04-03 05:30:02] To build this run: 0 new characters
[2026-04-03 05:30:02] Nothing new to build -- all passing specs already have character folders
