[2026-04-01 03:00:02] Job daily harvest starting
[2026-04-01 03:00:02] Registry: 59 boards + 605 career pages
[2026-04-01 03:00:02] No existing listings -- fresh start
[2026-04-01 03:00:02] Harvesting 664 total sources...
[2026-04-01 03:02:18]   100/664 sources -- 1206 jobs so far
[2026-04-01 03:04:32]   200/664 sources -- 2230 jobs so far
[2026-04-01 03:06:02]   300/664 sources -- 3200 jobs so far
[2026-04-01 03:07:27]   400/664 sources -- 3200 jobs so far
[2026-04-01 03:09:06]   500/664 sources -- 3326 jobs so far
[2026-04-01 03:11:08]   600/664 sources -- 3628 jobs so far
[2026-04-01 03:12:28] Harvest complete:
[2026-04-01 03:12:28]   Total extracted: 3816
[2026-04-01 03:12:28]   Unique active:   1383
[2026-04-01 03:12:28]   New today:       1383
[2026-04-01 03:12:28]   Expired:         0
[2026-04-01 03:12:28]   Errors:          64
[2026-04-01 03:12:28] Active listings saved: G:/My Drive/Projects/job-match/job-listings.json
[2026-04-01 03:12:28] Archive updated: 0 expired total
[2026-04-01 03:12:28] Done.
[2026-04-01 08:59:22] Job daily harvest starting
[2026-04-01 08:59:22] Registry: 59 boards + 605 career pages
[2026-04-01 08:59:22] Yesterday: 1383 active listings
[2026-04-01 08:59:22] Harvesting 664 total sources...
[2026-04-01 09:00:36] Job daily harvest starting
[2026-04-01 09:00:36] Registry: 59 boards + 792 career pages
[2026-04-01 09:00:36] Yesterday: 1383 active listings
[2026-04-01 09:00:36] Harvesting 851 total sources...
[2026-04-02 03:00:02] Job daily harvest starting
[2026-04-02 03:00:02] Registry: 58 boards + 605 career pages
[2026-04-02 03:00:02] Yesterday: 1383 active listings
[2026-04-02 03:00:02] Harvesting 663 total sources...
[2026-04-02 03:01:38]   100/663 sources -- 920 jobs so far
[2026-04-02 03:02:28]   200/663 sources -- 961 jobs so far
[2026-04-02 03:03:35]   300/663 sources -- 983 jobs so far
[2026-04-02 03:04:54]   400/663 sources -- 983 jobs so far
[2026-04-02 03:06:38]   500/663 sources -- 1111 jobs so far
[2026-04-02 03:08:23]   600/663 sources -- 1414 jobs so far
[2026-04-02 03:09:31] Harvest complete:
[2026-04-02 03:09:31]   Total extracted: 1597
[2026-04-02 03:09:31]   Unique active:   1087
[2026-04-02 03:09:31]   New today:       252
[2026-04-02 03:09:31]   Expired:         548
[2026-04-02 03:09:31]   Errors:          34
[2026-04-02 03:09:31] Active listings saved: G:/My Drive/Projects/job-match/job-listings.json
[2026-04-02 03:09:31] Archive updated: 548 expired total
[2026-04-02 03:09:31] Done.
[2026-04-03 03:00:02] Job daily harvest starting
[2026-04-03 03:00:02] Registry: 58 boards + 605 career pages
[2026-04-03 03:00:02] Yesterday: 1087 active listings
[2026-04-03 03:00:02] Harvesting 663 total sources...
[2026-04-03 03:01:39]   100/663 sources -- 915 jobs so far
[2026-04-03 03:02:29]   200/663 sources -- 956 jobs so far
[2026-04-03 03:03:32]   300/663 sources -- 978 jobs so far
[2026-04-03 03:04:49]   400/663 sources -- 978 jobs so far
[2026-04-03 03:06:19]   500/663 sources -- 1106 jobs so far
[2026-04-03 03:07:48]   600/663 sources -- 1400 jobs so far
[2026-04-03 03:08:50] Harvest complete:
[2026-04-03 03:08:50]   Total extracted: 1585
[2026-04-03 03:08:50]   Unique active:   1083
[2026-04-03 03:08:50]   New today:       124
[2026-04-03 03:08:50]   Expired:         128
[2026-04-03 03:08:50]   Errors:          33
[2026-04-03 03:08:50] Active listings saved: G:/My Drive/Projects/job-match/job-listings.json
[2026-04-03 03:08:50] Archive updated: 676 expired total
[2026-04-03 03:08:50] Done.
[2026-04-04 03:00:02] Job daily harvest starting
[2026-04-04 03:00:02] Registry: 58 boards + 605 career pages
[2026-04-04 03:00:02] Yesterday: 1083 active listings
[2026-04-04 03:00:02] Harvesting 663 total sources...
[2026-04-04 03:01:47]   100/663 sources -- 918 jobs so far
[2026-04-04 03:02:42]   200/663 sources -- 959 jobs so far
[2026-04-04 03:03:44]   300/663 sources -- 981 jobs so far
[2026-04-04 03:05:02]   400/663 sources -- 981 jobs so far
[2026-04-04 03:06:28]   500/663 sources -- 1109 jobs so far
[2026-04-04 03:08:07]   600/663 sources -- 1405 jobs so far
[2026-04-04 03:09:10] Harvest complete:
[2026-04-04 03:09:10]   Total extracted: 1590
[2026-04-04 03:09:10]   Unique active:   1087
[2026-04-04 03:09:10]   New today:       115
[2026-04-04 03:09:10]   Expired:         111
[2026-04-04 03:09:10]   Errors:          33
[2026-04-04 03:09:10] Active listings saved: G:/My Drive/Projects/job-match/job-listings.json
[2026-04-04 03:09:10] Archive updated: 787 expired total
[2026-04-04 03:09:10] Done.
[2026-04-05 03:16:20] Job daily harvest starting
[2026-04-05 03:16:20] Registry: 58 boards + 605 career pages
[2026-04-05 03:16:20] Yesterday: 1087 active listings
[2026-04-05 03:16:20] Harvesting 663 total sources...
[2026-04-05 03:19:12]   100/663 sources -- 930 jobs so far
[2026-04-05 03:20:06]   200/663 sources -- 971 jobs so far
[2026-04-05 03:21:08]   300/663 sources -- 993 jobs so far
[2026-04-05 03:22:24]   400/663 sources -- 993 jobs so far
[2026-04-05 03:23:47]   500/663 sources -- 1121 jobs so far
[2026-04-05 03:25:18]   600/663 sources -- 1417 jobs so far
[2026-04-05 03:26:15] Harvest complete:
[2026-04-05 03:26:15]   Total extracted: 1602
[2026-04-05 03:26:15]   Unique active:   1099
[2026-04-05 03:26:15]   New today:       128
[2026-04-05 03:26:15]   Expired:         116
[2026-04-05 03:26:15]   Errors:          32
[2026-04-05 03:26:15] Active listings saved: G:/My Drive/Projects/job-match/job-listings.json
[2026-04-05 03:26:16] Archive updated: 903 expired total
[2026-04-05 03:26:16] Done.
[2026-04-06 03:00:02] Job daily harvest starting
[2026-04-06 03:00:02] Registry: 58 boards + 605 career pages
[2026-04-06 03:00:02] Yesterday: 1099 active listings
[2026-04-06 03:00:02] Harvesting 663 total sources...
[2026-04-06 03:01:34]   100/663 sources -- 922 jobs so far
[2026-04-06 03:02:29]   200/663 sources -- 963 jobs so far
[2026-04-06 03:03:34]   300/663 sources -- 985 jobs so far
[2026-04-06 03:04:55]   400/663 sources -- 985 jobs so far
[2026-04-06 03:06:25]   500/663 sources -- 1113 jobs so far
[2026-04-06 03:07:57]   600/663 sources -- 1405 jobs so far
[2026-04-06 03:08:57] Harvest complete:
[2026-04-06 03:08:57]   Total extracted: 1590
[2026-04-06 03:08:57]   Unique active:   1090
[2026-04-06 03:08:57]   New today:       106
[2026-04-06 03:08:57]   Expired:         115
[2026-04-06 03:08:57]   Errors:          33
[2026-04-06 03:08:57] Active listings saved: G:/My Drive/Projects/job-match/job-listings.json
[2026-04-06 03:08:57] Archive updated: 1018 expired total
[2026-04-06 03:08:57] Done.
