[2026-04-03 01:37:37] [LOGGER] [INFO] Log file initialized for GameArchaeology_Legal_001
[2026-04-03 01:37:37] [GameArchaeology_Legal_001] [INFO] GameArchaeology_Legal_001 initialized.
[2026-04-03 01:37:37] [GameArchaeology_Legal_001] [INFO] Assessing batch of 84 games...
[2026-04-03 01:37:37] [GameArchaeology_Legal_001] [DEBUG] Assessing: Wahl Schlacht 2002 (DE) (2002) (2002-01-01)
[2026-04-03 01:37:37] [GameArchaeology_Legal_001] [INFO]   Wahl Schlacht 2002 (DE) (2002) → RED (confidence: 0.85)
[2026-04-03 01:37:37] [GameArchaeology_Legal_001] [DEBUG] Assessing: Wars and Warriors - Jeanne d'Arc (DE) (2004) (2004-01-01)
[2026-04-03 01:37:37] [GameArchaeology_Legal_001] [INFO]   Wars and Warriors - Jeanne d'Arc (DE) (2004) → RED (confidence: 0.85)
[2026-04-03 01:37:37] [GameArchaeology_Legal_001] [DEBUG] Assessing: Shogo: Mobile Armor Division | 机器人大战：升刚 (1999-01-01)
[2026-04-03 01:37:37] [GameArchaeology_Legal_001] [INFO]   Shogo: Mobile Armor Division | 机器人大战：升刚 → RED (confidence: 0.85)
[2026-04-03 01:37:37] [GameArchaeology_Legal_001] [DEBUG] Assessing: Rettungshelicopter 112 (DE) (2004) (2004-01-01)
[2026-04-03 01:37:37] [GameArchaeology_Legal_001] [INFO]   Rettungshelicopter 112 (DE) (2004) → RED (confidence: 0.85)
[2026-04-03 01:37:37] [GameArchaeology_Legal_001] [DEBUG] Assessing: Genesis Rising Beta (2006-01-01)
[2026-04-03 01:37:37] [GameArchaeology_Legal_001] [INFO]   Genesis Rising Beta → RED (confidence: 0.85)
[2026-04-03 01:37:37] [GameArchaeology_Legal_001] [DEBUG] Assessing: Paint Duel (1981-01-01)
[2026-04-03 01:37:37] [GameArchaeology_Legal_001] [INFO]   Paint Duel → RED (confidence: 0.85)
[2026-04-03 01:37:37] [GameArchaeology_Legal_001] [DEBUG] Assessing: Computer Chess (1978-01-01)
[2026-04-03 01:37:37] [GameArchaeology_Legal_001] [INFO]   Computer Chess → RED (confidence: 0.85)
[2026-04-03 01:37:37] [GameArchaeology_Legal_001] [DEBUG] Assessing: Crazy Eights (1975-01-01)
[2026-04-03 01:37:37] [GameArchaeology_Legal_001] [INFO]   Crazy Eights → RED (confidence: 0.85)
[2026-04-03 01:37:37] [GameArchaeology_Legal_001] [DEBUG] Assessing: Cars Of The Century Mod v0.92 (2022-01-01)
[2026-04-03 01:37:37] [GameArchaeology_Legal_001] [INFO]   Cars Of The Century Mod v0.92 → RED (confidence: 0.85)
[2026-04-03 01:37:37] [GameArchaeology_Legal_001] [DEBUG] Assessing: The Best of Creative Lettering Super Combo (2002-01-01)
[2026-04-03 01:37:37] [GameArchaeology_Legal_001] [INFO]   The Best of Creative Lettering Super Combo → RED (confidence: 0.85)
[2026-04-03 01:37:37] [GameArchaeology_Legal_001] [DEBUG] Assessing: Splitgate replay (2021-07-31 17:23:24) (2021-01-01)
[2026-04-03 01:37:37] [GameArchaeology_Legal_001] [INFO]   Splitgate replay (2021-07-31 17:23:24) → RED (confidence: 0.85)
[2026-04-03 01:37:37] [GameArchaeology_Legal_001] [DEBUG] Assessing: C.O.W. (2000-01-01)
[2026-04-03 01:37:37] [GameArchaeology_Legal_001] [INFO]   C.O.W. → RED (confidence: 0.85)
[2026-04-03 01:37:37] [GameArchaeology_Legal_001] [DEBUG] Assessing: The Adventures of Fatman (Source) (2003-01-01)
[2026-04-03 01:37:37] [GameArchaeology_Legal_001] [INFO]   The Adventures of Fatman (Source) → RED (confidence: 0.85)
[2026-04-03 01:37:37] [GameArchaeology_Legal_001] [DEBUG] Assessing: Tetris DS (THQ, Unreleased) (2000-01-01)
[2026-04-03 01:37:37] [GameArchaeology_Legal_001] [INFO]   Tetris DS (THQ, Unreleased) → RED (confidence: 0.85)
[2026-04-03 01:37:37] [GameArchaeology_Legal_001] [DEBUG] Assessing: Dwarf Fortress 0.40.19 (2014-01-01)
[2026-04-03 01:37:37] [GameArchaeology_Legal_001] [INFO]   Dwarf Fortress 0.40.19 → RED (confidence: 0.85)
[2026-04-03 01:37:37] [GameArchaeology_Legal_001] [DEBUG] Assessing: Dwarf Fortress 0.31.15 (2010-01-01)
[2026-04-03 01:37:37] [GameArchaeology_Legal_001] [INFO]   Dwarf Fortress 0.31.15 → RED (confidence: 0.85)
[2026-04-03 01:37:37] [GameArchaeology_Legal_001] [DEBUG] Assessing: edgar 1.33-1 (2020-01-01)
[2026-04-03 01:37:37] [GameArchaeology_Legal_001] [INFO]   edgar 1.33-1 → RED (confidence: 0.85)
[2026-04-03 01:37:37] [GameArchaeology_Legal_001] [DEBUG] Assessing: Golf Pro Contest 2 3D (Java ME / J2ME Mobile Game) (2006-01-01)
[2026-04-03 01:37:37] [GameArchaeology_Legal_001] [INFO]   Golf Pro Contest 2 3D (Java ME / J2ME Mobile Game) → RED (confidence: 0.85)
[2026-04-03 01:37:37] [GameArchaeology_Legal_001] [DEBUG] Assessing: (G)rump, the game v1.0 (2000-01-01)
[2026-04-03 01:37:37] [GameArchaeology_Legal_001] [INFO]   (G)rump, the game v1.0 → RED (confidence: 0.85)
[2026-04-03 01:37:37] [GameArchaeology_Legal_001] [DEBUG] Assessing: Nummels 0.0.1 Linux (2016-01-01)
[2026-04-03 01:37:37] [GameArchaeology_Legal_001] [INFO]   Nummels 0.0.1 Linux → RED (confidence: 0.85)
[2026-04-03 01:37:37] [GameArchaeology_Legal_001] [DEBUG] Assessing: [Discontinued] PixelPicasso builds for Windows (2000-01-01)
[2026-04-03 01:37:37] [GameArchaeology_Legal_001] [INFO]   [Discontinued] PixelPicasso builds for Windows → RED (confidence: 0.85)
[2026-04-03 01:37:37] [GameArchaeology_Legal_001] [DEBUG] Assessing: Scoreboard Editor 0.6 By Mx So NIC (2000-01-01)
[2026-04-03 01:37:37] [GameArchaeology_Legal_001] [INFO]   Scoreboard Editor 0.6 By Mx So NIC → RED (confidence: 0.85)
[2026-04-03 01:37:37] [GameArchaeology_Legal_001] [DEBUG] Assessing: WEDB JL2007 by BarboRV (2000-01-01)
[2026-04-03 01:37:37] [GameArchaeology_Legal_001] [INFO]   WEDB JL2007 by BarboRV → RED (confidence: 0.85)
[2026-04-03 01:37:37] [GameArchaeology_Legal_001] [DEBUG] Assessing: XtremeWorlds game engine builds for various systems (2000-01-01)
[2026-04-03 01:37:37] [GameArchaeology_Legal_001] [INFO]   XtremeWorlds game engine builds for various systems → RED (confidence: 0.85)
[2026-04-03 01:37:37] [GameArchaeology_Legal_001] [DEBUG] Assessing: 32x SDK builds (1995-01-01)
[2026-04-03 01:37:37] [GameArchaeology_Legal_001] [INFO]   32x SDK builds → GREEN (confidence: 0.88)
[2026-04-03 01:37:37] [GameArchaeology_Legal_001] [DEBUG] Assessing: 3D GameStudio v4.1 (2000-01-01)
[2026-04-03 01:37:37] [GameArchaeology_Legal_001] [INFO]   3D GameStudio v4.1 → RED (confidence: 0.85)
[2026-04-03 01:37:37] [GameArchaeology_Legal_001] [DEBUG] Assessing: Jawbreaker The Puzzle Game (2025-01-01)
[2026-04-03 01:37:37] [GameArchaeology_Legal_001] [INFO]   Jawbreaker The Puzzle Game → RED (confidence: 0.85)
[2026-04-03 01:37:37] [GameArchaeology_Legal_001] [DEBUG] Assessing: Sisters (v1.0) | (The Haunted-PlayStation 1 Group - Collector's Edition) (2000-01-01)
[2026-04-03 01:37:37] [GameArchaeology_Legal_001] [INFO]   Sisters (v1.0) | (The Haunted-PlayStation 1 Group - Collector's Edition) → RED (confidence: 0.85)
[2026-04-03 01:37:37] [GameArchaeology_Legal_001] [DEBUG] Assessing: AI Techniques For Game Programming (2002-01-01)
[2026-04-03 01:37:37] [GameArchaeology_Legal_001] [INFO]   AI Techniques For Game Programming → RED (confidence: 0.85)
[2026-04-03 01:37:37] [GameArchaeology_Legal_001] [DEBUG] Assessing: LowRes Coder (All Versions) (2015-01-01)
[2026-04-03 01:37:37] [GameArchaeology_Legal_001] [INFO]   LowRes Coder (All Versions) → RED (confidence: 0.85)
[2026-04-03 01:37:37] [GameArchaeology_Legal_001] [DEBUG] Assessing: Linux Format 237 [2018-06] (2018-01-01)
[2026-04-03 01:37:37] [GameArchaeology_Legal_001] [INFO]   Linux Format 237 [2018-06] → RED (confidence: 0.85)
[2026-04-03 01:37:38] [GameArchaeology_Legal_001] [DEBUG] Assessing: Libseven (GBA Unofficial Devkit) builds (2000-01-01)
[2026-04-03 01:37:38] [GameArchaeology_Legal_001] [INFO]   Libseven (GBA Unofficial Devkit) builds → RED (confidence: 0.85)
[2026-04-03 01:37:38] [GameArchaeology_Legal_001] [DEBUG] Assessing: Gaming Alexandria Type In Listing Application and Emulator Pack (2021-01-01)
[2026-04-03 01:37:38] [GameArchaeology_Legal_001] [INFO]   Gaming Alexandria Type In Listing Application and Emulator Pack → RED (confidence: 0.85)
[2026-04-03 01:37:38] [GameArchaeology_Legal_001] [DEBUG] Assessing: Game Progamming Gems 4 Disk ISO (2004-01-01)
[2026-04-03 01:37:38] [GameArchaeology_Legal_001] [INFO]   Game Progamming Gems 4 Disk ISO → RED (confidence: 0.85)
[2026-04-03 01:37:38] [GameArchaeology_Legal_001] [DEBUG] Assessing: Game Programming For Teens - cover disc (2003-01-01)
[2026-04-03 01:37:38] [GameArchaeology_Legal_001] [INFO]   Game Programming For Teens - cover disc → RED (confidence: 0.85)
[2026-04-03 01:37:38] [GameArchaeology_Legal_001] [DEBUG] Assessing: UPBGE (Uchronia Project Blender Game Engine) game engine builds for Windows (2023-01-01)
[2026-04-03 01:37:38] [GameArchaeology_Legal_001] [INFO]   UPBGE (Uchronia Project Blender Game Engine) game engine builds for Windows → RED (confidence: 0.85)
[2026-04-03 01:37:38] [GameArchaeology_Legal_001] [DEBUG] Assessing: Wla DX builds for Windows (1998-01-01)
[2026-04-03 01:37:38] [GameArchaeology_Legal_001] [INFO]   Wla DX builds for Windows → RED (confidence: 0.85)
[2026-04-03 01:37:38] [GameArchaeology_Legal_001] [DEBUG] Assessing: BYOB 3.1.1 (2011-01-01)
[2026-04-03 01:37:38] [GameArchaeology_Legal_001] [INFO]   BYOB 3.1.1 → RED (confidence: 0.85)
[2026-04-03 01:37:38] [GameArchaeology_Legal_001] [DEBUG] Assessing: Virtual Treasure Hunt Game:HTML5 (2023-01-01)
[2026-04-03 01:37:38] [GameArchaeology_Legal_001] [INFO]   Virtual Treasure Hunt Game:HTML5 → RED (confidence: 0.85)
[2026-04-03 01:37:38] [GameArchaeology_Legal_001] [DEBUG] Assessing: CompuCraft Bonus Disk (1995) (1995-01-01)
[2026-04-03 01:37:38] [GameArchaeology_Legal_001] [INFO]   CompuCraft Bonus Disk (1995) → RED (confidence: 0.85)
[2026-04-03 01:37:38] [GameArchaeology_Legal_001] [DEBUG] Assessing: Master X Master (Korean version) (2000-01-01)
[2026-04-03 01:37:38] [GameArchaeology_Legal_001] [INFO]   Master X Master (Korean version) → GREEN (confidence: 0.88)
[2026-04-03 01:37:38] [GameArchaeology_Legal_001] [DEBUG] Assessing: Setris (2000-01-01)
[2026-04-03 01:37:38] [GameArchaeology_Legal_001] [INFO]   Setris → RED (confidence: 0.85)
[2026-04-03 01:37:38] [GameArchaeology_Legal_001] [DEBUG] Assessing: Monuments Of Mars (1991-01-01)
[2026-04-03 01:37:38] [GameArchaeology_Legal_001] [INFO]   Monuments Of Mars → RED (confidence: 0.85)
[2026-04-03 01:37:38] [GameArchaeology_Legal_001] [DEBUG] Assessing: MOBS-MOD for MINETEST-C55 (2012-01-01)
[2026-04-03 01:37:38] [GameArchaeology_Legal_001] [INFO]   MOBS-MOD for MINETEST-C55 → RED (confidence: 0.85)
[2026-04-03 01:37:38] [GameArchaeology_Legal_001] [DEBUG] Assessing: MDS Firmware And BIOS (2000-01-01)
[2026-04-03 01:37:38] [GameArchaeology_Legal_001] [INFO]   MDS Firmware And BIOS → GREEN (confidence: 0.88)
[2026-04-03 01:37:38] [GameArchaeology_Legal_001] [DEBUG] Assessing: Mysteries and Desire: Searching the Worlds of John Rechy (2000-01-01)
[2026-04-03 01:37:38] [GameArchaeology_Legal_001] [INFO]   Mysteries and Desire: Searching the Worlds of John Rechy → GREEN (confidence: 0.88)
[2026-04-03 01:37:38] [GameArchaeology_Legal_001] [DEBUG] Assessing: World 1 4 Mac (2024-01-01)
[2026-04-03 01:37:38] [GameArchaeology_Legal_001] [INFO]   World 1 4 Mac → RED (confidence: 0.85)
[2026-04-03 01:37:38] [GameArchaeology_Legal_001] [DEBUG] Assessing: Pocket Trucks Archive (2012-01-01)
[2026-04-03 01:37:38] [GameArchaeology_Legal_001] [INFO]   Pocket Trucks Archive → RED (confidence: 0.85)
[2026-04-03 01:37:38] [GameArchaeology_Legal_001] [DEBUG] Assessing: Betabound (2020-01-01)
[2026-04-03 01:37:38] [GameArchaeology_Legal_001] [INFO]   Betabound → RED (confidence: 0.85)
[2026-04-03 01:37:38] [GameArchaeology_Legal_001] [DEBUG] Assessing: SOMA (2000-01-01)
[2026-04-03 01:37:38] [GameArchaeology_Legal_001] [INFO]   SOMA → GREEN (confidence: 0.88)
[2026-04-03 01:37:38] [GameArchaeology_Legal_001] [DEBUG] Assessing: OrientMaple: iShootTurkey Pro (iOS) (2009-01-01)
[2026-04-03 01:37:38] [GameArchaeology_Legal_001] [INFO]   OrientMaple: iShootTurkey Pro (iOS) → RED (confidence: 0.85)
[2026-04-03 01:37:38] [GameArchaeology_Legal_001] [DEBUG] Assessing: Jurig Escape PC (2012-01-01)
[2026-04-03 01:37:38] [GameArchaeology_Legal_001] [INFO]   Jurig Escape PC → RED (confidence: 0.85)
[2026-04-03 01:37:38] [GameArchaeology_Legal_001] [DEBUG] Assessing: Tell (DE) (2007) (2007-01-01)
[2026-04-03 01:37:38] [GameArchaeology_Legal_001] [INFO]   Tell (DE) (2007) → RED (confidence: 0.85)
[2026-04-03 01:37:38] [GameArchaeology_Legal_001] [DEBUG] Assessing: dethGoatbyAudio (2000-01-01)
[2026-04-03 01:37:38] [GameArchaeology_Legal_001] [INFO]   dethGoatbyAudio → GREEN (confidence: 0.88)
[2026-04-03 01:37:38] [GameArchaeology_Legal_001] [DEBUG] Assessing: Sudoku Master 2 (DE) (2006) (2006-01-01)
[2026-04-03 01:37:38] [GameArchaeology_Legal_001] [INFO]   Sudoku Master 2 (DE) (2006) → RED (confidence: 0.85)
[2026-04-03 01:37:38] [GameArchaeology_Legal_001] [DEBUG] Assessing: Dungeon Quest (DE) (2006) (2006-01-01)
[2026-04-03 01:37:38] [GameArchaeology_Legal_001] [INFO]   Dungeon Quest (DE) (2006) → RED (confidence: 0.85)
[2026-04-03 01:37:38] [GameArchaeology_Legal_001] [DEBUG] Assessing: A Hint Of A Tint V 1.2 (2019-01-01)
[2026-04-03 01:37:38] [GameArchaeology_Legal_001] [INFO]   A Hint Of A Tint V 1.2 → RED (confidence: 0.85)
[2026-04-03 01:37:38] [GameArchaeology_Legal_001] [DEBUG] Assessing: pomelo (2012-09-20)
[2026-04-03 01:37:38] [GameArchaeology_Legal_001] [INFO]   pomelo → RED (confidence: 0.85)
[2026-04-03 01:37:38] [GameArchaeology_Legal_001] [DEBUG] Assessing: BrowserQuest (2011-09-30)
[2026-04-03 01:37:38] [GameArchaeology_Legal_001] [INFO]   BrowserQuest → RED (confidence: 0.85)
[2026-04-03 01:37:38] [GameArchaeology_Legal_001] [DEBUG] Assessing: phaser-ce-examples (2014-03-11)
[2026-04-03 01:37:38] [GameArchaeology_Legal_001] [INFO]   phaser-ce-examples → RED (confidence: 0.85)
[2026-04-03 01:37:38] [GameArchaeology_Legal_001] [DEBUG] Assessing: CDDA-Game-Launcher (2015-12-21)
[2026-04-03 01:37:38] [GameArchaeology_Legal_001] [INFO]   CDDA-Game-Launcher → RED (confidence: 0.85)
[2026-04-03 01:37:38] [GameArchaeology_Legal_001] [DEBUG] Assessing: 2048-python (2014-03-20)
[2026-04-03 01:37:38] [GameArchaeology_Legal_001] [INFO]   2048-python → RED (confidence: 0.85)
[2026-04-03 01:37:38] [GameArchaeology_Legal_001] [DEBUG] Assessing: allianceauth (2014-10-03)
[2026-04-03 01:37:38] [GameArchaeology_Legal_001] [INFO]   allianceauth → RED (confidence: 0.85)
[2026-04-03 01:37:38] [GameArchaeology_Legal_001] [DEBUG] Assessing: games (2012-01-05)
[2026-04-03 01:37:38] [GameArchaeology_Legal_001] [INFO]   games → RED (confidence: 0.85)
[2026-04-03 01:37:38] [GameArchaeology_Legal_001] [DEBUG] Assessing: Whisky (2023-03-23)
[2026-04-03 01:37:38] [GameArchaeology_Legal_001] [INFO]   Whisky → RED (confidence: 0.85)
[2026-04-03 01:37:38] [GameArchaeology_Legal_001] [DEBUG] Assessing: BlueRetro (2019-07-25)
[2026-04-03 01:37:38] [GameArchaeology_Legal_001] [INFO]   BlueRetro → RED (confidence: 0.85)
[2026-04-03 01:37:38] [GameArchaeology_Legal_001] [DEBUG] Assessing: rizz (2019-03-30)
[2026-04-03 01:37:38] [GameArchaeology_Legal_001] [INFO]   rizz → RED (confidence: 0.85)
[2026-04-03 01:37:38] [GameArchaeology_Legal_001] [DEBUG] Assessing: game-and-watch-retro-go (2020-11-29)
[2026-04-03 01:37:38] [GameArchaeology_Legal_001] [INFO]   game-and-watch-retro-go → RED (confidence: 0.85)
[2026-04-03 01:37:38] [GameArchaeology_Legal_001] [DEBUG] Assessing: amethyst (2015-12-21)
[2026-04-03 01:37:38] [GameArchaeology_Legal_001] [INFO]   amethyst → RED (confidence: 0.85)
[2026-04-03 01:37:38] [GameArchaeology_Legal_001] [DEBUG] Assessing: big-brain (2020-07-11)
[2026-04-03 01:37:38] [GameArchaeology_Legal_001] [INFO]   big-brain → RED (confidence: 0.85)
[2026-04-03 01:37:38] [GameArchaeology_Legal_001] [DEBUG] Assessing: comfy (2023-08-12)
[2026-04-03 01:37:38] [GameArchaeology_Legal_001] [INFO]   comfy → RED (confidence: 0.85)
[2026-04-03 01:37:38] [GameArchaeology_Legal_001] [DEBUG] Assessing: kongregate.com (2011) (2011-01-01)
[2026-04-03 01:37:38] [GameArchaeology_Legal_001] [INFO]   kongregate.com (2011) → GREEN (confidence: 0.88)
[2026-04-03 01:37:38] [GameArchaeology_Legal_001] [DEBUG] Assessing: kongregate.com (2014) (2014-01-01)
[2026-04-03 01:37:38] [GameArchaeology_Legal_001] [INFO]   kongregate.com (2014) → YELLOW (confidence: 0.68)
[2026-04-03 01:37:38] [GameArchaeology_Legal_001] [DEBUG] Assessing: y8.com (2008) (2008-01-01)
[2026-04-03 01:37:38] [GameArchaeology_Legal_001] [INFO]   y8.com (2008) → GREEN (confidence: 0.88)
[2026-04-03 01:37:38] [GameArchaeology_Legal_001] [DEBUG] Assessing: y8.com (2011) (2011-01-01)
[2026-04-03 01:37:38] [GameArchaeology_Legal_001] [INFO]   y8.com (2011) → GREEN (confidence: 0.88)
[2026-04-03 01:37:38] [GameArchaeology_Legal_001] [DEBUG] Assessing: y8.com (2014) (2014-01-01)
[2026-04-03 01:37:38] [GameArchaeology_Legal_001] [INFO]   y8.com (2014) → YELLOW (confidence: 0.68)
[2026-04-03 01:37:38] [GameArchaeology_Legal_001] [DEBUG] Assessing: miniclip.com (2008) (2008-01-01)
[2026-04-03 01:37:38] [GameArchaeology_Legal_001] [INFO]   miniclip.com (2008) → GREEN (confidence: 0.88)
[2026-04-03 01:37:38] [GameArchaeology_Legal_001] [DEBUG] Assessing: newgrounds.com (2008) (2008-01-01)
[2026-04-03 01:37:38] [GameArchaeology_Legal_001] [INFO]   newgrounds.com (2008) → GREEN (confidence: 0.88)
[2026-04-03 01:37:38] [GameArchaeology_Legal_001] [DEBUG] Assessing: newgrounds.com (2014) (2014-01-01)
[2026-04-03 01:37:38] [GameArchaeology_Legal_001] [INFO]   newgrounds.com (2014) → YELLOW (confidence: 0.68)
[2026-04-03 01:37:38] [GameArchaeology_Legal_001] [DEBUG] Assessing: mousebreaker.com (2014) (2014-01-01)
[2026-04-03 01:37:38] [GameArchaeology_Legal_001] [INFO]   mousebreaker.com (2014) → YELLOW (confidence: 0.68)
[2026-04-03 01:37:38] [GameArchaeology_Legal_001] [DEBUG] Assessing: addictinggames.com (2008) (2008-01-01)
[2026-04-03 01:37:38] [GameArchaeology_Legal_001] [INFO]   addictinggames.com (2008) → GREEN (confidence: 0.88)
[2026-04-03 01:37:38] [GameArchaeology_Legal_001] [DEBUG] Assessing: addictinggames.com (2011) (2011-01-01)
[2026-04-03 01:37:38] [GameArchaeology_Legal_001] [INFO]   addictinggames.com (2011) → GREEN (confidence: 0.88)
[2026-04-03 01:37:38] [GameArchaeology_Legal_001] [DEBUG] Assessing: flashgames.com (2014) (2014-01-01)
[2026-04-03 01:37:38] [GameArchaeology_Legal_001] [INFO]   flashgames.com (2014) → YELLOW (confidence: 0.68)
[2026-04-03 01:37:38] [GameArchaeology_Legal_001] [DEBUG] Assessing: gamezhero.com (2008) (2008-01-01)
[2026-04-03 01:37:38] [GameArchaeology_Legal_001] [INFO]   gamezhero.com (2008) → GREEN (confidence: 0.88)
[2026-04-03 01:37:38] [GameArchaeology_Legal_001] [INFO] Batch assessment complete: 84 games reviewed
